 <<< Combine >>> 
>>> random number generator seed is 123456
>>> method used is AsymptoticLimits
Channel mu will use autoMCStats with settings: event-threshold=0, include-signal=0, hist-mode=1
============================================================
Analysing bin errors for: prop_binmu
Poisson cut-off: 0
Processes excluded for sums: TstarTstar_Spin32_M-1100
============================================================
Bin        Contents        Error           Notes                         
0          0.000000        0.000000        total sum                     
0          0.000000        0.000000        excluding marked processes    
  => Error is zero, ignore      
------------------------------------------------------------
1          0.000000        0.000000        total sum                     
1          0.000000        0.000000        excluding marked processes    
  => Error is zero, ignore      
------------------------------------------------------------
2          0.000000        0.000000        total sum                     
2          0.000000        0.000000        excluding marked processes    
  => Error is zero, ignore      
------------------------------------------------------------
3          0.000000        0.000000        total sum                     
3          0.000000        0.000000        excluding marked processes    
  => Error is zero, ignore      
------------------------------------------------------------
4          0.000000        0.000000        total sum                     
4          0.000000        0.000000        excluding marked processes    
  => Error is zero, ignore      
------------------------------------------------------------
5          43049.456897    46.074924       total sum                     
5          43049.377441    46.074922       excluding marked processes    
5          872980.000000   934.333987      Unweighted events, alpha=0.049313
  => Total parameter prop_binmu_bin5[0.00,-7.00,7.00] to be gaussian constrained
------------------------------------------------------------
6          43151.695502    46.244142       total sum                     
6          43151.564941    46.244139       excluding marked processes    
6          870722.000000   933.124858      Unweighted events, alpha=0.049559
  => Total parameter prop_binmu_bin6[0.00,-7.00,7.00] to be gaussian constrained
------------------------------------------------------------
7          34324.972982    41.173985       total sum                     
7          34324.746826    41.173979       excluding marked processes    
7          694975.000000   833.651606      Unweighted events, alpha=0.049390
  => Total parameter prop_binmu_bin7[0.00,-7.00,7.00] to be gaussian constrained
------------------------------------------------------------
8          23387.190723    34.004233       total sum                     
8          23386.779663    34.004217       excluding marked processes    
8          473015.000000   687.760860      Unweighted events, alpha=0.049443
  => Total parameter prop_binmu_bin8[0.00,-7.00,7.00] to be gaussian constrained
------------------------------------------------------------
9          15379.083341    27.602297       total sum                     
9          15378.519409    27.602267       excluding marked processes    
9          310413.000000   557.147198      Unweighted events, alpha=0.049544
  => Total parameter prop_binmu_bin9[0.00,-7.00,7.00] to be gaussian constrained
------------------------------------------------------------
10         10226.345297    22.610010       total sum                     
10         10225.627930    22.609971       excluding marked processes    
10         204541.000000   452.262092      Unweighted events, alpha=0.049997
  => Total parameter prop_binmu_bin10[0.00,-7.00,7.00] to be gaussian constrained
------------------------------------------------------------
11         6773.042568     18.452801       total sum                     
11         6772.027130     18.452733       excluding marked processes    
11         134684.000000   366.993188      Unweighted events, alpha=0.050288
  => Total parameter prop_binmu_bin11[0.00,-7.00,7.00] to be gaussian constrained
------------------------------------------------------------
12         4534.820502     15.217936       total sum                     
12         4533.477448     15.217818       excluding marked processes    
12         88748.000000    297.906025      Unweighted events, alpha=0.051098
  => Total parameter prop_binmu_bin12[0.00,-7.00,7.00] to be gaussian constrained
------------------------------------------------------------
13         3050.532121     12.607501       total sum                     
13         3048.694267     12.607314       excluding marked processes    
13         58477.000000    241.820181      Unweighted events, alpha=0.052166
  => Total parameter prop_binmu_bin13[0.00,-7.00,7.00] to be gaussian constrained
------------------------------------------------------------
14         2077.521799     10.476999       total sum                     
14         2075.159882     10.476711       excluding marked processes    
14         39233.000000    198.073219      Unweighted events, alpha=0.052953
  => Total parameter prop_binmu_bin14[0.00,-7.00,7.00] to be gaussian constrained
------------------------------------------------------------
15         1445.863317     8.742283        total sum                     
15         1442.849010     8.741775        excluding marked processes    
15         27242.000000    165.051507      Unweighted events, alpha=0.053075
  => Total parameter prop_binmu_bin15[0.00,-7.00,7.00] to be gaussian constrained
------------------------------------------------------------
16         1014.653157     7.453077        total sum                     
16         1011.179100     7.452447        excluding marked processes    
16         18410.000000    135.683455      Unweighted events, alpha=0.055114
  => Total parameter prop_binmu_bin16[0.00,-7.00,7.00] to be gaussian constrained
------------------------------------------------------------
17         722.576489      6.293631        total sum                     
17         718.640621      6.292751        excluding marked processes    
17         13042.000000    114.201576      Unweighted events, alpha=0.055404
  => Total parameter prop_binmu_bin17[0.00,-7.00,7.00] to be gaussian constrained
------------------------------------------------------------
18         508.157536      5.385092        total sum                     
18         503.832949      5.384000        excluding marked processes    
18         8757.000000     93.578844       Unweighted events, alpha=0.058029
  => Total parameter prop_binmu_bin18[0.00,-7.00,7.00] to be gaussian constrained
------------------------------------------------------------
19         374.631307      4.618617        total sum                     
19         369.920572      4.617259        excluding marked processes    
19         6419.000000     80.118662       Unweighted events, alpha=0.058363
  => Total parameter prop_binmu_bin19[0.00,-7.00,7.00] to be gaussian constrained
------------------------------------------------------------
20         274.908531      3.984900        total sum                     
20         269.759759      3.983133        excluding marked processes    
20         4587.000000     67.727395       Unweighted events, alpha=0.059932
  => Total parameter prop_binmu_bin20[0.00,-7.00,7.00] to be gaussian constrained
------------------------------------------------------------
21         206.169322      3.480922        total sum                     
21         200.916086      3.478872        excluding marked processes    
21         3335.000000     57.749459       Unweighted events, alpha=0.061820
  => Total parameter prop_binmu_bin21[0.00,-7.00,7.00] to be gaussian constrained
------------------------------------------------------------
22         154.053786      3.030369        total sum                     
22         149.105425      3.028194        excluding marked processes    
22         2424.000000     49.234135       Unweighted events, alpha=0.063554
  => Total parameter prop_binmu_bin22[0.00,-7.00,7.00] to be gaussian constrained
------------------------------------------------------------
23         119.887900      2.697901        total sum                     
23         114.882296      2.695308        excluding marked processes    
23         1817.000000     42.626283       Unweighted events, alpha=0.065981
  => Total parameter prop_binmu_bin23[0.00,-7.00,7.00] to be gaussian constrained
------------------------------------------------------------
24         90.607270       2.324127        total sum                     
24         85.982334       2.321559        excluding marked processes    
24         1372.000000     37.040518       Unweighted events, alpha=0.066040
  => Total parameter prop_binmu_bin24[0.00,-7.00,7.00] to be gaussian constrained
------------------------------------------------------------
25         69.022608       2.074317        total sum                     
25         64.800735       2.071614        excluding marked processes    
25         978.000000      31.272992       Unweighted events, alpha=0.070575
  => Total parameter prop_binmu_bin25[0.00,-7.00,7.00] to be gaussian constrained
------------------------------------------------------------
26         52.126118       1.813721        total sum                     
26         48.285436       1.810805        excluding marked processes    
26         711.000000      26.664583       Unweighted events, alpha=0.073314
  => Total parameter prop_binmu_bin26[0.00,-7.00,7.00] to be gaussian constrained
------------------------------------------------------------
27         39.866978       1.603366        total sum                     
27         36.357641       1.600334        excluding marked processes    
27         516.000000      22.715633       Unweighted events, alpha=0.077262
  => Total parameter prop_binmu_bin27[0.00,-7.00,7.00] to be gaussian constrained
------------------------------------------------------------
28         32.622202       1.427694        total sum                     
28         29.499221       1.424671        excluding marked processes    
28         429.000000      20.712315       Unweighted events, alpha=0.076042
  => Total parameter prop_binmu_bin28[0.00,-7.00,7.00] to be gaussian constrained
------------------------------------------------------------
29         26.702699       1.341305        total sum                     
29         23.776467       1.338251        excluding marked processes    
29         316.000000      17.776389       Unweighted events, alpha=0.084502
  => Total parameter prop_binmu_bin29[0.00,-7.00,7.00] to be gaussian constrained
------------------------------------------------------------
30         43.094075       1.654062        total sum                     
30         37.467954       1.649329        excluding marked processes    
30         516.000000      22.715633       Unweighted events, alpha=0.083516
  => Total parameter prop_binmu_bin30[0.00,-7.00,7.00] to be gaussian constrained
------------------------------------------------------------
31         47.050994       1.819713        total sum                     
31         38.062850       1.812913        excluding marked processes    
31         441.000000      21.000000       Unweighted events, alpha=0.106692
  => Total parameter prop_binmu_bin31[0.00,-7.00,7.00] to be gaussian constrained
------------------------------------------------------------
32         13.540364       0.992943        total sum                     
32         8.503230        0.985557        excluding marked processes    
32         74.000000       8.602325        Unweighted events, alpha=0.182978
  => Total parameter prop_binmu_bin32[0.00,-7.00,7.00] to be gaussian constrained
------------------------------------------------------------
Channel ele will use autoMCStats with settings: event-threshold=0, include-signal=0, hist-mode=1
============================================================
Analysing bin errors for: prop_binele
Poisson cut-off: 0
Processes excluded for sums: TstarTstar_Spin32_M-1100
============================================================
Bin        Contents        Error           Notes                         
0          0.000000        0.000000        total sum                     
0          0.000000        0.000000        excluding marked processes    
  => Error is zero, ignore      
------------------------------------------------------------
1          0.000000        0.000000        total sum                     
1          0.000000        0.000000        excluding marked processes    
  => Error is zero, ignore      
------------------------------------------------------------
2          0.000000        0.000000        total sum                     
2          0.000000        0.000000        excluding marked processes    
  => Error is zero, ignore      
------------------------------------------------------------
3          0.000000        0.000000        total sum                     
3          0.000000        0.000000        excluding marked processes    
  => Error is zero, ignore      
------------------------------------------------------------
4          0.000000        0.000000        total sum                     
4          0.000000        0.000000        excluding marked processes    
  => Error is zero, ignore      
------------------------------------------------------------
5          26983.489480    35.742590       total sum                     
5          26983.440308    35.742588       excluding marked processes    
5          569931.000000   754.937746      Unweighted events, alpha=0.047345
  => Total parameter prop_binele_bin5[0.00,-7.00,7.00] to be gaussian constrained
------------------------------------------------------------
6          27528.497632    36.257119       total sum                     
6          27528.399536    36.257116       excluding marked processes    
6          576468.000000   759.254898      Unweighted events, alpha=0.047754
  => Total parameter prop_binele_bin6[0.00,-7.00,7.00] to be gaussian constrained
------------------------------------------------------------
7          22652.741509    32.819583       total sum                     
7          22652.585327    32.819577       excluding marked processes    
7          476398.000000   690.215908      Unweighted events, alpha=0.047550
  => Total parameter prop_binele_bin7[0.00,-7.00,7.00] to be gaussian constrained
------------------------------------------------------------
8          15781.298724    27.372475       total sum                     
8          15781.053284    27.372462       excluding marked processes    
8          332387.000000   576.530138      Unweighted events, alpha=0.047479
  => Total parameter prop_binele_bin8[0.00,-7.00,7.00] to be gaussian constrained
------------------------------------------------------------
9          10553.772404    22.379401       total sum                     
9          10553.482574    22.379383       excluding marked processes    
9          222380.000000   471.571840      Unweighted events, alpha=0.047458
  => Total parameter prop_binele_bin9[0.00,-7.00,7.00] to be gaussian constrained
------------------------------------------------------------
10         7029.627337     18.292392       total sum                     
10         7029.090729     18.292353       excluding marked processes    
10         147659.000000   384.264232      Unweighted events, alpha=0.047607
  => Total parameter prop_binele_bin10[0.00,-7.00,7.00] to be gaussian constrained
------------------------------------------------------------
11         4727.802310     15.220682       total sum                     
11         4727.186707     15.220631       excluding marked processes    
11         96458.000000    310.576883      Unweighted events, alpha=0.049014
  => Total parameter prop_binele_bin11[0.00,-7.00,7.00] to be gaussian constrained
------------------------------------------------------------
12         3154.743198     12.331152       total sum                     
12         3153.778671     12.331046       excluding marked processes    
12         65413.000000    255.759653      Unweighted events, alpha=0.048228
  => Total parameter prop_binele_bin12[0.00,-7.00,7.00] to be gaussian constrained
------------------------------------------------------------
13         2144.422821     10.175857       total sum                     
13         2143.112511     10.175689       excluding marked processes    
13         44357.000000    210.611016      Unweighted events, alpha=0.048345
  => Total parameter prop_binele_bin13[0.00,-7.00,7.00] to be gaussian constrained
------------------------------------------------------------
14         1462.570880     8.464900        total sum                     
14         1461.020618     8.464656        excluding marked processes    
14         29792.000000    172.603592      Unweighted events, alpha=0.049093
  => Total parameter prop_binele_bin14[0.00,-7.00,7.00] to be gaussian constrained
------------------------------------------------------------
15         995.097891      6.958930        total sum                     
15         993.123791      6.958541        excluding marked processes    
15         20369.000000    142.720006      Unweighted events, alpha=0.048854
  => Total parameter prop_binele_bin15[0.00,-7.00,7.00] to be gaussian constrained
------------------------------------------------------------
16         700.155289      5.896079        total sum                     
16         697.795929      5.895543        excluding marked processes    
16         14009.000000    118.359621      Unweighted events, alpha=0.049979
  => Total parameter prop_binele_bin16[0.00,-7.00,7.00] to be gaussian constrained
------------------------------------------------------------
17         499.914190      4.935694        total sum                     
17         497.023417      4.934908        excluding marked processes    
17         10144.000000    100.717426      Unweighted events, alpha=0.049282
  => Total parameter prop_binele_bin17[0.00,-7.00,7.00] to be gaussian constrained
------------------------------------------------------------
18         344.350928      4.103028        total sum                     
18         341.409071      4.102064        excluding marked processes    
18         6927.000000     83.228601       Unweighted events, alpha=0.049711
  => Total parameter prop_binele_bin18[0.00,-7.00,7.00] to be gaussian constrained
------------------------------------------------------------
19         256.120366      3.558459        total sum                     
19         252.851270      3.557212        excluding marked processes    
19         5053.000000     71.084457       Unweighted events, alpha=0.050687
  => Total parameter prop_binele_bin19[0.00,-7.00,7.00] to be gaussian constrained
------------------------------------------------------------
20         189.395932      3.060874        total sum                     
20         185.564543      3.059108        excluding marked processes    
20         3680.000000     60.663004       Unweighted events, alpha=0.051466
  => Total parameter prop_binele_bin20[0.00,-7.00,7.00] to be gaussian constrained
------------------------------------------------------------
21         138.810008      2.605918        total sum                     
21         135.081120      2.603963        excluding marked processes    
21         2691.000000     51.874849       Unweighted events, alpha=0.051583
  => Total parameter prop_binele_bin21[0.00,-7.00,7.00] to be gaussian constrained
------------------------------------------------------------
22         99.761318       2.244159        total sum                     
22         96.044669       2.241876        excluding marked processes    
22         1835.000000     42.836900       Unweighted events, alpha=0.054366
  => Total parameter prop_binele_bin22[0.00,-7.00,7.00] to be gaussian constrained
------------------------------------------------------------
23         76.573463       1.969031        total sum                     
23         72.925006       1.966461        excluding marked processes    
23         1375.000000     37.080992       Unweighted events, alpha=0.055690
  => Total parameter prop_binele_bin23[0.00,-7.00,7.00] to be gaussian constrained
------------------------------------------------------------
24         57.110820       1.666649        total sum                     
24         53.573303       1.663373        excluding marked processes    
24         1037.000000     32.202484       Unweighted events, alpha=0.055073
  => Total parameter prop_binele_bin24[0.00,-7.00,7.00] to be gaussian constrained
------------------------------------------------------------
25         45.660784       1.509766        total sum                     
25         42.729380       1.507122        excluding marked processes    
25         804.000000      28.354894       Unweighted events, alpha=0.056792
  => Total parameter prop_binele_bin25[0.00,-7.00,7.00] to be gaussian constrained
------------------------------------------------------------
26         33.318373       1.282722        total sum                     
26         30.661880       1.279804        excluding marked processes    
26         574.000000      23.958297       Unweighted events, alpha=0.058046
  => Total parameter prop_binele_bin26[0.00,-7.00,7.00] to be gaussian constrained
------------------------------------------------------------
27         27.833987       1.185879        total sum                     
27         25.338742       1.182951        excluding marked processes    
27         459.000000      21.424285       Unweighted events, alpha=0.060640
  => Total parameter prop_binele_bin27[0.00,-7.00,7.00] to be gaussian constrained
------------------------------------------------------------
28         21.770081       1.049734        total sum                     
28         19.545309       1.046778        excluding marked processes    
28         349.000000      18.681542       Unweighted events, alpha=0.062378
  => Total parameter prop_binele_bin28[0.00,-7.00,7.00] to be gaussian constrained
------------------------------------------------------------
29         18.504054       0.968179        total sum                     
29         16.395952       0.965117        excluding marked processes    
29         289.000000      17.000000       Unweighted events, alpha=0.064028
  => Total parameter prop_binele_bin29[0.00,-7.00,7.00] to be gaussian constrained
------------------------------------------------------------
30         24.608264       1.068296        total sum                     
30         20.584571       1.062977        excluding marked processes    
30         375.000000      19.364917       Unweighted events, alpha=0.065622
  => Total parameter prop_binele_bin30[0.00,-7.00,7.00] to be gaussian constrained
------------------------------------------------------------
31         29.023603       1.160247        total sum                     
31         22.699580       1.152630        excluding marked processes    
31         388.000000      19.697716       Unweighted events, alpha=0.074803
  => Total parameter prop_binele_bin31[0.00,-7.00,7.00] to be gaussian constrained
------------------------------------------------------------
32         8.410338        0.637414        total sum                     
32         5.341079        0.630135        excluding marked processes    
32         72.000000       8.485281        Unweighted events, alpha=0.116810
  => Total parameter prop_binele_bin32[0.00,-7.00,7.00] to be gaussian constrained
------------------------------------------------------------
SimNLL created with 2 channels, 0 generic constraints, 121 fast gaussian constraints, 0 fast poisson constraints, 0 fast group constraints, 
SimNLL created with 2 channels, 0 generic constraints, 121 fast gaussian constraints, 0 fast poisson constraints, 0 fast group constraints, 
SimNLL created with 2 channels, 0 generic constraints, 121 fast gaussian constraints, 0 fast poisson constraints, 0 fast group constraints, 

 -- AsymptoticLimits ( CLs ) --
Observed Limit: r < 0.5462
Expected  2.5%: r < 0.3366
Expected 16.0%: r < 0.4609
Expected 50.0%: r < 0.6680
Expected 84.0%: r < 0.9928
Expected 97.5%: r < 1.4430

Done in 0.35 min (cpu), 0.36 min (real)
