 <<< Combine >>> 
>>> random number generator seed is 123456
Will use a-priori expected background instead of a-posteriori one.
>>> method used is AsymptoticLimits
Channel mu will use autoMCStats with settings: event-threshold=0, include-signal=0, hist-mode=1
============================================================
Analysing bin errors for: prop_binmu
Poisson cut-off: 0
Processes excluded for sums: TstarTstar_M-1700
============================================================
Bin        Contents        Error           Notes                         
0          0.000000        0.000000        total sum                     
0          0.000000        0.000000        excluding marked processes    
  => Error is zero, ignore      
------------------------------------------------------------
1          0.000000        0.000000        total sum                     
1          0.000000        0.000000        excluding marked processes    
  => Error is zero, ignore      
------------------------------------------------------------
2          0.000000        0.000000        total sum                     
2          0.000000        0.000000        excluding marked processes    
  => Error is zero, ignore      
------------------------------------------------------------
3          0.000000        0.000000        total sum                     
3          0.000000        0.000000        excluding marked processes    
  => Error is zero, ignore      
------------------------------------------------------------
4          0.000000        0.000000        total sum                     
4          0.000000        0.000000        excluding marked processes    
  => Error is zero, ignore      
------------------------------------------------------------
5          43049.396140    46.074922       total sum                     
5          43049.377441    46.074922       excluding marked processes    
5          872980.000000   934.333987      Unweighted events, alpha=0.049313
  => Total parameter prop_binmu_bin5[0.00,-7.00,7.00] to be gaussian constrained
------------------------------------------------------------
6          43151.597326    46.244140       total sum                     
6          43151.564941    46.244139       excluding marked processes    
6          870722.000000   933.124858      Unweighted events, alpha=0.049558
  => Total parameter prop_binmu_bin6[0.00,-7.00,7.00] to be gaussian constrained
------------------------------------------------------------
7          34324.796666    41.173980       total sum                     
7          34324.746826    41.173979       excluding marked processes    
7          694975.000000   833.651606      Unweighted events, alpha=0.049390
  => Total parameter prop_binmu_bin7[0.00,-7.00,7.00] to be gaussian constrained
------------------------------------------------------------
8          23386.881667    34.004219       total sum                     
8          23386.779663    34.004217       excluding marked processes    
8          473015.000000   687.760860      Unweighted events, alpha=0.049442
  => Total parameter prop_binmu_bin8[0.00,-7.00,7.00] to be gaussian constrained
------------------------------------------------------------
9          15378.641725    27.602271       total sum                     
9          15378.519409    27.602267       excluding marked processes    
9          310413.000000   557.147198      Unweighted events, alpha=0.049543
  => Total parameter prop_binmu_bin9[0.00,-7.00,7.00] to be gaussian constrained
------------------------------------------------------------
10         10225.824069    22.609979       total sum                     
10         10225.627930    22.609971       excluding marked processes    
10         204541.000000   452.262092      Unweighted events, alpha=0.049994
  => Total parameter prop_binmu_bin10[0.00,-7.00,7.00] to be gaussian constrained
------------------------------------------------------------
11         6772.350599     18.452750       total sum                     
11         6772.027130     18.452733       excluding marked processes    
11         134684.000000   366.993188      Unweighted events, alpha=0.050283
  => Total parameter prop_binmu_bin11[0.00,-7.00,7.00] to be gaussian constrained
------------------------------------------------------------
12         4533.894467     15.217843       total sum                     
12         4533.477448     15.217818       excluding marked processes    
12         88748.000000    297.906025      Unweighted events, alpha=0.051087
  => Total parameter prop_binmu_bin12[0.00,-7.00,7.00] to be gaussian constrained
------------------------------------------------------------
13         3049.253853     12.607364       total sum                     
13         3048.694267     12.607314       excluding marked processes    
13         58477.000000    241.820181      Unweighted events, alpha=0.052144
  => Total parameter prop_binmu_bin13[0.00,-7.00,7.00] to be gaussian constrained
------------------------------------------------------------
14         2075.921388     10.476780       total sum                     
14         2075.159882     10.476711       excluding marked processes    
14         39233.000000    198.073219      Unweighted events, alpha=0.052913
  => Total parameter prop_binmu_bin14[0.00,-7.00,7.00] to be gaussian constrained
------------------------------------------------------------
15         1443.820944     8.741879        total sum                     
15         1442.849010     8.741775        excluding marked processes    
15         27242.000000    165.051507      Unweighted events, alpha=0.053000
  => Total parameter prop_binmu_bin15[0.00,-7.00,7.00] to be gaussian constrained
------------------------------------------------------------
16         1012.419810     7.452607        total sum                     
16         1011.179100     7.452447        excluding marked processes    
16         18410.000000    135.683455      Unweighted events, alpha=0.054993
  => Total parameter prop_binmu_bin16[0.00,-7.00,7.00] to be gaussian constrained
------------------------------------------------------------
17         720.125588      6.292982        total sum                     
17         718.640621      6.292751        excluding marked processes    
17         13042.000000    114.201576      Unweighted events, alpha=0.055216
  => Total parameter prop_binmu_bin17[0.00,-7.00,7.00] to be gaussian constrained
------------------------------------------------------------
18         505.693669      5.384326        total sum                     
18         503.832949      5.384000        excluding marked processes    
18         8757.000000     93.578844       Unweighted events, alpha=0.057747
  => Total parameter prop_binmu_bin18[0.00,-7.00,7.00] to be gaussian constrained
------------------------------------------------------------
19         372.154480      4.617702        total sum                     
19         369.920572      4.617259        excluding marked processes    
19         6419.000000     80.118662       Unweighted events, alpha=0.057977
  => Total parameter prop_binmu_bin19[0.00,-7.00,7.00] to be gaussian constrained
------------------------------------------------------------
20         272.401488      3.983744        total sum                     
20         269.759759      3.983133        excluding marked processes    
20         4587.000000     67.727395       Unweighted events, alpha=0.059386
  => Total parameter prop_binmu_bin20[0.00,-7.00,7.00] to be gaussian constrained
------------------------------------------------------------
21         204.123675      3.479728        total sum                     
21         200.916086      3.478872        excluding marked processes    
21         3335.000000     57.749459       Unweighted events, alpha=0.061206
  => Total parameter prop_binmu_bin21[0.00,-7.00,7.00] to be gaussian constrained
------------------------------------------------------------
22         152.663876      3.029306        total sum                     
22         149.105425      3.028194        excluding marked processes    
22         2424.000000     49.234135       Unweighted events, alpha=0.062980
  => Total parameter prop_binmu_bin22[0.00,-7.00,7.00] to be gaussian constrained
------------------------------------------------------------
23         118.817873      2.696665        total sum                     
23         114.882296      2.695308        excluding marked processes    
23         1817.000000     42.626283       Unweighted events, alpha=0.065392
  => Total parameter prop_binmu_bin23[0.00,-7.00,7.00] to be gaussian constrained
------------------------------------------------------------
24         90.331012       2.323344        total sum                     
24         85.982334       2.321559        excluding marked processes    
24         1372.000000     37.040518       Unweighted events, alpha=0.065839
  => Total parameter prop_binmu_bin24[0.00,-7.00,7.00] to be gaussian constrained
------------------------------------------------------------
25         69.352261       2.073635        total sum                     
25         64.800735       2.071614        excluding marked processes    
25         978.000000      31.272992       Unweighted events, alpha=0.070912
  => Total parameter prop_binmu_bin25[0.00,-7.00,7.00] to be gaussian constrained
------------------------------------------------------------
26         53.219184       1.813377        total sum                     
26         48.285436       1.810805        excluding marked processes    
26         711.000000      26.664583       Unweighted events, alpha=0.074851
  => Total parameter prop_binmu_bin26[0.00,-7.00,7.00] to be gaussian constrained
------------------------------------------------------------
27         41.715357       1.603502        total sum                     
27         36.357641       1.600334        excluding marked processes    
27         516.000000      22.715633       Unweighted events, alpha=0.080844
  => Total parameter prop_binmu_bin27[0.00,-7.00,7.00] to be gaussian constrained
------------------------------------------------------------
28         34.879144       1.428111        total sum                     
28         29.499221       1.424671        excluding marked processes    
28         429.000000      20.712315       Unweighted events, alpha=0.081303
  => Total parameter prop_binmu_bin28[0.00,-7.00,7.00] to be gaussian constrained
------------------------------------------------------------
29         29.376152       1.342083        total sum                     
29         23.776467       1.338251        excluding marked processes    
29         316.000000      17.776389       Unweighted events, alpha=0.092963
  => Total parameter prop_binmu_bin29[0.00,-7.00,7.00] to be gaussian constrained
------------------------------------------------------------
30         50.272449       1.656761        total sum                     
30         37.467954       1.649329        excluding marked processes    
30         516.000000      22.715633       Unweighted events, alpha=0.097427
  => Total parameter prop_binmu_bin30[0.00,-7.00,7.00] to be gaussian constrained
------------------------------------------------------------
31         57.857831       1.822981        total sum                     
31         38.062850       1.812913        excluding marked processes    
31         441.000000      21.000000       Unweighted events, alpha=0.131197
  => Total parameter prop_binmu_bin31[0.00,-7.00,7.00] to be gaussian constrained
------------------------------------------------------------
32         13.742991       0.990644        total sum                     
32         8.503230        0.985557        excluding marked processes    
32         74.000000       8.602325        Unweighted events, alpha=0.185716
  => Total parameter prop_binmu_bin32[0.00,-7.00,7.00] to be gaussian constrained
------------------------------------------------------------
Channel ele will use autoMCStats with settings: event-threshold=0, include-signal=0, hist-mode=1
============================================================
Analysing bin errors for: prop_binele
Poisson cut-off: 0
Processes excluded for sums: TstarTstar_M-1700
============================================================
Bin        Contents        Error           Notes                         
0          0.000000        0.000000        total sum                     
0          0.000000        0.000000        excluding marked processes    
  => Error is zero, ignore      
------------------------------------------------------------
1          0.000000        0.000000        total sum                     
1          0.000000        0.000000        excluding marked processes    
  => Error is zero, ignore      
------------------------------------------------------------
2          0.000000        0.000000        total sum                     
2          0.000000        0.000000        excluding marked processes    
  => Error is zero, ignore      
------------------------------------------------------------
3          0.000000        0.000000        total sum                     
3          0.000000        0.000000        excluding marked processes    
  => Error is zero, ignore      
------------------------------------------------------------
4          0.000000        0.000000        total sum                     
4          0.000000        0.000000        excluding marked processes    
  => Error is zero, ignore      
------------------------------------------------------------
5          26983.449087    35.742589       total sum                     
5          26983.440308    35.742588       excluding marked processes    
5          569931.000000   754.937746      Unweighted events, alpha=0.047345
  => Total parameter prop_binele_bin5[0.00,-7.00,7.00] to be gaussian constrained
------------------------------------------------------------
6          27528.415878    36.257117       total sum                     
6          27528.399536    36.257116       excluding marked processes    
6          576468.000000   759.254898      Unweighted events, alpha=0.047754
  => Total parameter prop_binele_bin6[0.00,-7.00,7.00] to be gaussian constrained
------------------------------------------------------------
7          22652.624518    32.819578       total sum                     
7          22652.585327    32.819577       excluding marked processes    
7          476398.000000   690.215908      Unweighted events, alpha=0.047550
  => Total parameter prop_binele_bin7[0.00,-7.00,7.00] to be gaussian constrained
------------------------------------------------------------
8          15781.112268    27.372464       total sum                     
8          15781.053284    27.372462       excluding marked processes    
8          332387.000000   576.530138      Unweighted events, alpha=0.047478
  => Total parameter prop_binele_bin8[0.00,-7.00,7.00] to be gaussian constrained
------------------------------------------------------------
9          10553.549447    22.379385       total sum                     
9          10553.482574    22.379383       excluding marked processes    
9          222380.000000   471.571840      Unweighted events, alpha=0.047457
  => Total parameter prop_binele_bin9[0.00,-7.00,7.00] to be gaussian constrained
------------------------------------------------------------
10         7029.223656     18.292360       total sum                     
10         7029.090729     18.292353       excluding marked processes    
10         147659.000000   384.264232      Unweighted events, alpha=0.047604
  => Total parameter prop_binele_bin10[0.00,-7.00,7.00] to be gaussian constrained
------------------------------------------------------------
11         4727.414935     15.220646       total sum                     
11         4727.186707     15.220631       excluding marked processes    
11         96458.000000    310.576883      Unweighted events, alpha=0.049010
  => Total parameter prop_binele_bin11[0.00,-7.00,7.00] to be gaussian constrained
------------------------------------------------------------
12         3154.049860     12.331067       total sum                     
12         3153.778671     12.331046       excluding marked processes    
12         65413.000000    255.759653      Unweighted events, alpha=0.048217
  => Total parameter prop_binele_bin12[0.00,-7.00,7.00] to be gaussian constrained
------------------------------------------------------------
13         2143.443092     10.175716       total sum                     
13         2143.112511     10.175689       excluding marked processes    
13         44357.000000    210.611016      Unweighted events, alpha=0.048323
  => Total parameter prop_binele_bin13[0.00,-7.00,7.00] to be gaussian constrained
------------------------------------------------------------
14         1461.525527     8.464723        total sum                     
14         1461.020618     8.464656        excluding marked processes    
14         29792.000000    172.603592      Unweighted events, alpha=0.049058
  => Total parameter prop_binele_bin14[0.00,-7.00,7.00] to be gaussian constrained
------------------------------------------------------------
15         993.729652      6.958625        total sum                     
15         993.123791      6.958541        excluding marked processes    
15         20369.000000    142.720006      Unweighted events, alpha=0.048786
  => Total parameter prop_binele_bin15[0.00,-7.00,7.00] to be gaussian constrained
------------------------------------------------------------
16         698.535726      5.895660        total sum                     
16         697.795929      5.895543        excluding marked processes    
16         14009.000000    118.359621      Unweighted events, alpha=0.049863
  => Total parameter prop_binele_bin16[0.00,-7.00,7.00] to be gaussian constrained
------------------------------------------------------------
17         497.876247      4.935056        total sum                     
17         497.023417      4.934908        excluding marked processes    
17         10144.000000    100.717426      Unweighted events, alpha=0.049081
  => Total parameter prop_binele_bin17[0.00,-7.00,7.00] to be gaussian constrained
------------------------------------------------------------
18         342.623663      4.102345        total sum                     
18         341.409071      4.102064        excluding marked processes    
18         6927.000000     83.228601       Unweighted events, alpha=0.049462
  => Total parameter prop_binele_bin18[0.00,-7.00,7.00] to be gaussian constrained
------------------------------------------------------------
19         254.315271      3.557603        total sum                     
19         252.851270      3.557212        excluding marked processes    
19         5053.000000     71.084457       Unweighted events, alpha=0.050330
  => Total parameter prop_binele_bin19[0.00,-7.00,7.00] to be gaussian constrained
------------------------------------------------------------
20         187.376985      3.059679        total sum                     
20         185.564543      3.059108        excluding marked processes    
20         3680.000000     60.663004       Unweighted events, alpha=0.050918
  => Total parameter prop_binele_bin20[0.00,-7.00,7.00] to be gaussian constrained
------------------------------------------------------------
21         136.933658      2.604601        total sum                     
21         135.081120      2.603963        excluding marked processes    
21         2691.000000     51.874849       Unweighted events, alpha=0.050886
  => Total parameter prop_binele_bin21[0.00,-7.00,7.00] to be gaussian constrained
------------------------------------------------------------
22         98.310194       2.242841        total sum                     
22         96.044669       2.241876        excluding marked processes    
22         1835.000000     42.836900       Unweighted events, alpha=0.053575
  => Total parameter prop_binele_bin22[0.00,-7.00,7.00] to be gaussian constrained
------------------------------------------------------------
23         75.438032       1.967682        total sum                     
23         72.925006       1.966461        excluding marked processes    
23         1375.000000     37.080992       Unweighted events, alpha=0.054864
  => Total parameter prop_binele_bin23[0.00,-7.00,7.00] to be gaussian constrained
------------------------------------------------------------
24         56.299319       1.664955        total sum                     
24         53.573303       1.663373        excluding marked processes    
24         1037.000000     32.202484       Unweighted events, alpha=0.054291
  => Total parameter prop_binele_bin24[0.00,-7.00,7.00] to be gaussian constrained
------------------------------------------------------------
25         45.754051       1.509006        total sum                     
25         42.729380       1.507122        excluding marked processes    
25         804.000000      28.354894       Unweighted events, alpha=0.056908
  => Total parameter prop_binele_bin25[0.00,-7.00,7.00] to be gaussian constrained
------------------------------------------------------------
26         33.851702       1.282254        total sum                     
26         30.661880       1.279804        excluding marked processes    
26         574.000000      23.958297       Unweighted events, alpha=0.058975
  => Total parameter prop_binele_bin26[0.00,-7.00,7.00] to be gaussian constrained
------------------------------------------------------------
27         28.687264       1.185574        total sum                     
27         25.338742       1.182951        excluding marked processes    
27         459.000000      21.424285       Unweighted events, alpha=0.062499
  => Total parameter prop_binele_bin27[0.00,-7.00,7.00] to be gaussian constrained
------------------------------------------------------------
28         22.909269       1.049976        total sum                     
28         19.545309       1.046778        excluding marked processes    
28         349.000000      18.681542       Unweighted events, alpha=0.065643
  => Total parameter prop_binele_bin28[0.00,-7.00,7.00] to be gaussian constrained
------------------------------------------------------------
29         19.717598       0.968316        total sum                     
29         16.395952       0.965117        excluding marked processes    
29         289.000000      17.000000       Unweighted events, alpha=0.068227
  => Total parameter prop_binele_bin29[0.00,-7.00,7.00] to be gaussian constrained
------------------------------------------------------------
30         28.791698       1.070157        total sum                     
30         20.584571       1.062977        excluding marked processes    
30         375.000000      19.364917       Unweighted events, alpha=0.076778
  => Total parameter prop_binele_bin30[0.00,-7.00,7.00] to be gaussian constrained
------------------------------------------------------------
31         35.626161       1.163547        total sum                     
31         22.699580       1.152630        excluding marked processes    
31         388.000000      19.697716       Unweighted events, alpha=0.091820
  => Total parameter prop_binele_bin31[0.00,-7.00,7.00] to be gaussian constrained
------------------------------------------------------------
32         8.548571        0.634859        total sum                     
32         5.341079        0.630135        excluding marked processes    
32         72.000000       8.485281        Unweighted events, alpha=0.118730
  => Total parameter prop_binele_bin32[0.00,-7.00,7.00] to be gaussian constrained
------------------------------------------------------------
SimNLL created with 2 channels, 0 generic constraints, 121 fast gaussian constraints, 0 fast poisson constraints, 0 fast group constraints, 

 -- AsymptoticLimits ( CLs ) --
Expected  2.5%: r < 0.2316
Expected 16.0%: r < 0.3132
Expected 50.0%: r < 0.4492
Expected 84.0%: r < 0.6551
Expected 97.5%: r < 0.9273

Done in 0.16 min (cpu), 0.16 min (real)
