 <<< Combine >>> 
>>> random number generator seed is 123456
>>> method used is AsymptoticLimits
Channel SR will use autoMCStats with settings: event-threshold=0, include-signal=0, hist-mode=1
============================================================
Analysing bin errors for: prop_binSR
Poisson cut-off: 0
Processes excluded for sums: TstarTstar_M-2750
============================================================
Bin        Contents        Error           Notes                         
0          0.000000        0.000000        total sum                     
0          0.000000        0.000000        excluding marked processes    
  => Error is zero, ignore      
------------------------------------------------------------
1          0.000000        0.000000        total sum                     
1          0.000000        0.000000        excluding marked processes    
  => Error is zero, ignore      
------------------------------------------------------------
2          0.000000        0.000000        total sum                     
2          0.000000        0.000000        excluding marked processes    
  => Error is zero, ignore      
------------------------------------------------------------
3          0.000000        0.000000        total sum                     
3          0.000000        0.000000        excluding marked processes    
  => Error is zero, ignore      
------------------------------------------------------------
4          0.000000        0.000000        total sum                     
4          0.000000        0.000000        excluding marked processes    
  => Error is zero, ignore      
------------------------------------------------------------
5          26983.441348    35.742588       total sum                     
5          26983.440308    35.742588       excluding marked processes    
5          569931.000000   754.937746      Unweighted events, alpha=0.047345
  => Total parameter prop_binSR_bin5[0.00,-7.00,7.00] to be gaussian constrained
------------------------------------------------------------
6          27528.401514    36.257116       total sum                     
6          27528.399536    36.257116       excluding marked processes    
6          576468.000000   759.254898      Unweighted events, alpha=0.047754
  => Total parameter prop_binSR_bin6[0.00,-7.00,7.00] to be gaussian constrained
------------------------------------------------------------
7          22652.585936    32.819577       total sum                     
7          22652.585327    32.819577       excluding marked processes    
7          476398.000000   690.215908      Unweighted events, alpha=0.047550
  => Total parameter prop_binSR_bin7[0.00,-7.00,7.00] to be gaussian constrained
------------------------------------------------------------
8          15781.058858    27.372462       total sum                     
8          15781.053284    27.372462       excluding marked processes    
8          332387.000000   576.530138      Unweighted events, alpha=0.047478
  => Total parameter prop_binSR_bin8[0.00,-7.00,7.00] to be gaussian constrained
------------------------------------------------------------
9          10553.486908    22.379383       total sum                     
9          10553.482574    22.379383       excluding marked processes    
9          222380.000000   471.571840      Unweighted events, alpha=0.047457
  => Total parameter prop_binSR_bin9[0.00,-7.00,7.00] to be gaussian constrained
------------------------------------------------------------
10         7029.100569     18.292354       total sum                     
10         7029.090729     18.292353       excluding marked processes    
10         147659.000000   384.264232      Unweighted events, alpha=0.047604
  => Total parameter prop_binSR_bin10[0.00,-7.00,7.00] to be gaussian constrained
------------------------------------------------------------
11         4727.205373     15.220632       total sum                     
11         4727.186707     15.220631       excluding marked processes    
11         96458.000000    310.576883      Unweighted events, alpha=0.049008
  => Total parameter prop_binSR_bin11[0.00,-7.00,7.00] to be gaussian constrained
------------------------------------------------------------
12         3153.796816     12.331047       total sum                     
12         3153.778671     12.331046       excluding marked processes    
12         65413.000000    255.759653      Unweighted events, alpha=0.048214
  => Total parameter prop_binSR_bin12[0.00,-7.00,7.00] to be gaussian constrained
------------------------------------------------------------
13         2143.138027     10.175692       total sum                     
13         2143.112511     10.175689       excluding marked processes    
13         44357.000000    210.611016      Unweighted events, alpha=0.048316
  => Total parameter prop_binSR_bin13[0.00,-7.00,7.00] to be gaussian constrained
------------------------------------------------------------
14         1461.057545     8.464658        total sum                     
14         1461.020618     8.464656        excluding marked processes    
14         29792.000000    172.603592      Unweighted events, alpha=0.049042
  => Total parameter prop_binSR_bin14[0.00,-7.00,7.00] to be gaussian constrained
------------------------------------------------------------
15         993.168719      6.958546        total sum                     
15         993.123791      6.958541        excluding marked processes    
15         20369.000000    142.720006      Unweighted events, alpha=0.048759
  => Total parameter prop_binSR_bin15[0.00,-7.00,7.00] to be gaussian constrained
------------------------------------------------------------
16         697.855772      5.895551        total sum                     
16         697.795929      5.895543        excluding marked processes    
16         14009.000000    118.359621      Unweighted events, alpha=0.049815
  => Total parameter prop_binSR_bin16[0.00,-7.00,7.00] to be gaussian constrained
------------------------------------------------------------
17         497.105145      4.934919        total sum                     
17         497.023417      4.934908        excluding marked processes    
17         10144.000000    100.717426      Unweighted events, alpha=0.049005
  => Total parameter prop_binSR_bin17[0.00,-7.00,7.00] to be gaussian constrained
------------------------------------------------------------
18         341.511936      4.102081        total sum                     
18         341.409071      4.102064        excluding marked processes    
18         6927.000000     83.228601       Unweighted events, alpha=0.049302
  => Total parameter prop_binSR_bin18[0.00,-7.00,7.00] to be gaussian constrained
------------------------------------------------------------
19         252.967949      3.557234        total sum                     
19         252.851270      3.557212        excluding marked processes    
19         5053.000000     71.084457       Unweighted events, alpha=0.050063
  => Total parameter prop_binSR_bin19[0.00,-7.00,7.00] to be gaussian constrained
------------------------------------------------------------
20         185.746902      3.059149        total sum                     
20         185.564543      3.059108        excluding marked processes    
20         3680.000000     60.663004       Unweighted events, alpha=0.050475
  => Total parameter prop_binSR_bin20[0.00,-7.00,7.00] to be gaussian constrained
------------------------------------------------------------
21         135.279740      2.604012        total sum                     
21         135.081120      2.603963        excluding marked processes    
21         2691.000000     51.874849       Unweighted events, alpha=0.050271
  => Total parameter prop_binSR_bin21[0.00,-7.00,7.00] to be gaussian constrained
------------------------------------------------------------
22         96.287955       2.241961        total sum                     
22         96.044669       2.241876        excluding marked processes    
22         1835.000000     42.836900       Unweighted events, alpha=0.052473
  => Total parameter prop_binSR_bin22[0.00,-7.00,7.00] to be gaussian constrained
------------------------------------------------------------
23         73.248089       1.966585        total sum                     
23         72.925006       1.966461        excluding marked processes    
23         1375.000000     37.080992       Unweighted events, alpha=0.053271
  => Total parameter prop_binSR_bin23[0.00,-7.00,7.00] to be gaussian constrained
------------------------------------------------------------
24         53.920466       1.663519        total sum                     
24         53.573303       1.663373        excluding marked processes    
24         1037.000000     32.202484       Unweighted events, alpha=0.051997
  => Total parameter prop_binSR_bin24[0.00,-7.00,7.00] to be gaussian constrained
------------------------------------------------------------
25         43.136670       1.507317        total sum                     
25         42.729380       1.507122        excluding marked processes    
25         804.000000      28.354894       Unweighted events, alpha=0.053653
  => Total parameter prop_binSR_bin25[0.00,-7.00,7.00] to be gaussian constrained
------------------------------------------------------------
26         31.085585       1.280012        total sum                     
26         30.661880       1.279804        excluding marked processes    
26         574.000000      23.958297       Unweighted events, alpha=0.054156
  => Total parameter prop_binSR_bin26[0.00,-7.00,7.00] to be gaussian constrained
------------------------------------------------------------
27         25.881432       1.183285        total sum                     
27         25.338742       1.182951        excluding marked processes    
27         459.000000      21.424285       Unweighted events, alpha=0.056387
  => Total parameter prop_binSR_bin27[0.00,-7.00,7.00] to be gaussian constrained
------------------------------------------------------------
28         20.222443       1.047291        total sum                     
28         19.545309       1.046778        excluding marked processes    
28         349.000000      18.681542       Unweighted events, alpha=0.057944
  => Total parameter prop_binSR_bin28[0.00,-7.00,7.00] to be gaussian constrained
------------------------------------------------------------
29         17.181477       0.965711        total sum                     
29         16.395952       0.965117        excluding marked processes    
29         289.000000      17.000000       Unweighted events, alpha=0.059451
  => Total parameter prop_binSR_bin29[0.00,-7.00,7.00] to be gaussian constrained
------------------------------------------------------------
30         23.034216       1.064746        total sum                     
30         20.584571       1.062977        excluding marked processes    
30         375.000000      19.364917       Unweighted events, alpha=0.061425
  => Total parameter prop_binSR_bin30[0.00,-7.00,7.00] to be gaussian constrained
------------------------------------------------------------
31         34.048587       1.160137        total sum                     
31         22.699580       1.152630        excluding marked processes    
31         388.000000      19.697716       Unweighted events, alpha=0.087754
  => Total parameter prop_binSR_bin31[0.00,-7.00,7.00] to be gaussian constrained
------------------------------------------------------------
32         40.049709       0.670796        total sum                     
32         5.341079        0.630135        excluding marked processes    
32         72.000000       8.485281        Unweighted events, alpha=0.556246
  => Total parameter prop_binSR_bin32[0.00,-7.00,7.00] to be gaussian constrained
------------------------------------------------------------
SimNLL created with 1 channels, 0 generic constraints, 92 fast gaussian constraints, 0 fast poisson constraints, 0 fast group constraints, 
SimNLL created with 1 channels, 0 generic constraints, 92 fast gaussian constraints, 0 fast poisson constraints, 0 fast group constraints, 
SimNLL created with 1 channels, 0 generic constraints, 92 fast gaussian constraints, 0 fast poisson constraints, 0 fast group constraints, 

 -- AsymptoticLimits ( CLs ) --
Observed Limit: r < 0.1941
Expected  2.5%: r < 0.0771
Expected 16.0%: r < 0.1085
Expected 50.0%: r < 0.1646
Expected 84.0%: r < 0.2603
Expected 97.5%: r < 0.4047

Done in 0.10 min (cpu), 0.10 min (real)
