 <<< Combine >>> 
>>> random number generator seed is 123456
Will use a-priori expected background instead of a-posteriori one.
>>> method used is AsymptoticLimits
Channel mu will use autoMCStats with settings: event-threshold=0, include-signal=0, hist-mode=1
============================================================
Analysing bin errors for: prop_binmu
Poisson cut-off: 0
Processes excluded for sums: TstarTstar_Spin32_M-1200
============================================================
Bin        Contents        Error           Notes                         
0          0.000000        0.000000        total sum                     
0          0.000000        0.000000        excluding marked processes    
  => Error is zero, ignore      
------------------------------------------------------------
1          0.000000        0.000000        total sum                     
1          0.000000        0.000000        excluding marked processes    
  => Error is zero, ignore      
------------------------------------------------------------
2          0.000000        0.000000        total sum                     
2          0.000000        0.000000        excluding marked processes    
  => Error is zero, ignore      
------------------------------------------------------------
3          0.000000        0.000000        total sum                     
3          0.000000        0.000000        excluding marked processes    
  => Error is zero, ignore      
------------------------------------------------------------
4          0.000000        0.000000        total sum                     
4          0.000000        0.000000        excluding marked processes    
  => Error is zero, ignore      
------------------------------------------------------------
5          43049.417843    46.074923       total sum                     
5          43049.377441    46.074922       excluding marked processes    
5          872980.000000   934.333987      Unweighted events, alpha=0.049313
  => Total parameter prop_binmu_bin5[0.00,-7.00,7.00] to be gaussian constrained
------------------------------------------------------------
6          43151.660549    46.244142       total sum                     
6          43151.564941    46.244139       excluding marked processes    
6          870722.000000   933.124858      Unweighted events, alpha=0.049558
  => Total parameter prop_binmu_bin6[0.00,-7.00,7.00] to be gaussian constrained
------------------------------------------------------------
7          34324.878292    41.173983       total sum                     
7          34324.746826    41.173979       excluding marked processes    
7          694975.000000   833.651606      Unweighted events, alpha=0.049390
  => Total parameter prop_binmu_bin7[0.00,-7.00,7.00] to be gaussian constrained
------------------------------------------------------------
8          23387.014411    34.004225       total sum                     
8          23386.779663    34.004217       excluding marked processes    
8          473015.000000   687.760860      Unweighted events, alpha=0.049442
  => Total parameter prop_binmu_bin8[0.00,-7.00,7.00] to be gaussian constrained
------------------------------------------------------------
9          15378.920717    27.602287       total sum                     
9          15378.519409    27.602267       excluding marked processes    
9          310413.000000   557.147198      Unweighted events, alpha=0.049543
  => Total parameter prop_binmu_bin9[0.00,-7.00,7.00] to be gaussian constrained
------------------------------------------------------------
10         10226.117365    22.609999       total sum                     
10         10225.627930    22.609971       excluding marked processes    
10         204541.000000   452.262092      Unweighted events, alpha=0.049995
  => Total parameter prop_binmu_bin10[0.00,-7.00,7.00] to be gaussian constrained
------------------------------------------------------------
11         6772.678123     18.452777       total sum                     
11         6772.027130     18.452733       excluding marked processes    
11         134684.000000   366.993188      Unweighted events, alpha=0.050286
  => Total parameter prop_binmu_bin11[0.00,-7.00,7.00] to be gaussian constrained
------------------------------------------------------------
12         4534.456566     15.217907       total sum                     
12         4533.477448     15.217818       excluding marked processes    
12         88748.000000    297.906025      Unweighted events, alpha=0.051094
  => Total parameter prop_binmu_bin12[0.00,-7.00,7.00] to be gaussian constrained
------------------------------------------------------------
13         3050.008881     12.607467       total sum                     
13         3048.694267     12.607314       excluding marked processes    
13         58477.000000    241.820181      Unweighted events, alpha=0.052157
  => Total parameter prop_binmu_bin13[0.00,-7.00,7.00] to be gaussian constrained
------------------------------------------------------------
14         2076.900881     10.476928       total sum                     
14         2075.159882     10.476711       excluding marked processes    
14         39233.000000    198.073219      Unweighted events, alpha=0.052938
  => Total parameter prop_binmu_bin14[0.00,-7.00,7.00] to be gaussian constrained
------------------------------------------------------------
15         1445.102305     8.742131        total sum                     
15         1442.849010     8.741775        excluding marked processes    
15         27242.000000    165.051507      Unweighted events, alpha=0.053047
  => Total parameter prop_binmu_bin15[0.00,-7.00,7.00] to be gaussian constrained
------------------------------------------------------------
16         1013.865918     7.452972        total sum                     
16         1011.179100     7.452447        excluding marked processes    
16         18410.000000    135.683455      Unweighted events, alpha=0.055071
  => Total parameter prop_binmu_bin16[0.00,-7.00,7.00] to be gaussian constrained
------------------------------------------------------------
17         721.716820      6.293377        total sum                     
17         718.640621      6.292751        excluding marked processes    
17         13042.000000    114.201576      Unweighted events, alpha=0.055338
  => Total parameter prop_binmu_bin17[0.00,-7.00,7.00] to be gaussian constrained
------------------------------------------------------------
18         507.439581      5.384891        total sum                     
18         503.832949      5.384000        excluding marked processes    
18         8757.000000     93.578844       Unweighted events, alpha=0.057947
  => Total parameter prop_binmu_bin18[0.00,-7.00,7.00] to be gaussian constrained
------------------------------------------------------------
19         374.008558      4.618477        total sum                     
19         369.920572      4.617259        excluding marked processes    
19         6419.000000     80.118662       Unweighted events, alpha=0.058266
  => Total parameter prop_binmu_bin19[0.00,-7.00,7.00] to be gaussian constrained
------------------------------------------------------------
20         274.322806      3.984706        total sum                     
20         269.759759      3.983133        excluding marked processes    
20         4587.000000     67.727395       Unweighted events, alpha=0.059804
  => Total parameter prop_binmu_bin20[0.00,-7.00,7.00] to be gaussian constrained
------------------------------------------------------------
21         205.796073      3.480896        total sum                     
21         200.916086      3.478872        excluding marked processes    
21         3335.000000     57.749459       Unweighted events, alpha=0.061708
  => Total parameter prop_binmu_bin21[0.00,-7.00,7.00] to be gaussian constrained
------------------------------------------------------------
22         154.484599      3.030661        total sum                     
22         149.105425      3.028194        excluding marked processes    
22         2424.000000     49.234135       Unweighted events, alpha=0.063731
  => Total parameter prop_binmu_bin22[0.00,-7.00,7.00] to be gaussian constrained
------------------------------------------------------------
23         120.209792      2.698000        total sum                     
23         114.882296      2.695308        excluding marked processes    
23         1817.000000     42.626283       Unweighted events, alpha=0.066158
  => Total parameter prop_binmu_bin23[0.00,-7.00,7.00] to be gaussian constrained
------------------------------------------------------------
24         91.254156       2.324615        total sum                     
24         85.982334       2.321559        excluding marked processes    
24         1372.000000     37.040518       Unweighted events, alpha=0.066512
  => Total parameter prop_binmu_bin24[0.00,-7.00,7.00] to be gaussian constrained
------------------------------------------------------------
25         69.762826       2.075030        total sum                     
25         64.800735       2.071614        excluding marked processes    
25         978.000000      31.272992       Unweighted events, alpha=0.071332
  => Total parameter prop_binmu_bin25[0.00,-7.00,7.00] to be gaussian constrained
------------------------------------------------------------
26         52.916786       1.814372        total sum                     
26         48.285436       1.810805        excluding marked processes    
26         711.000000      26.664583       Unweighted events, alpha=0.074426
  => Total parameter prop_binmu_bin26[0.00,-7.00,7.00] to be gaussian constrained
------------------------------------------------------------
27         40.608994       1.604068        total sum                     
27         36.357641       1.600334        excluding marked processes    
27         516.000000      22.715633       Unweighted events, alpha=0.078700
  => Total parameter prop_binmu_bin27[0.00,-7.00,7.00] to be gaussian constrained
------------------------------------------------------------
28         33.403375       1.428535        total sum                     
28         29.499221       1.424671        excluding marked processes    
28         429.000000      20.712315       Unweighted events, alpha=0.077863
  => Total parameter prop_binmu_bin28[0.00,-7.00,7.00] to be gaussian constrained
------------------------------------------------------------
29         27.156327       1.341644        total sum                     
29         23.776467       1.338251        excluding marked processes    
29         316.000000      17.776389       Unweighted events, alpha=0.085938
  => Total parameter prop_binmu_bin29[0.00,-7.00,7.00] to be gaussian constrained
------------------------------------------------------------
30         44.585264       1.655482        total sum                     
30         37.467954       1.649329        excluding marked processes    
30         516.000000      22.715633       Unweighted events, alpha=0.086406
  => Total parameter prop_binmu_bin30[0.00,-7.00,7.00] to be gaussian constrained
------------------------------------------------------------
31         49.754197       1.821745        total sum                     
31         38.062850       1.812913        excluding marked processes    
31         441.000000      21.000000       Unweighted events, alpha=0.112821
  => Total parameter prop_binmu_bin31[0.00,-7.00,7.00] to be gaussian constrained
------------------------------------------------------------
32         14.389250       0.993917        total sum                     
32         8.503230        0.985557        excluding marked processes    
32         74.000000       8.602325        Unweighted events, alpha=0.194449
  => Total parameter prop_binmu_bin32[0.00,-7.00,7.00] to be gaussian constrained
------------------------------------------------------------
Channel ele will use autoMCStats with settings: event-threshold=0, include-signal=0, hist-mode=1
============================================================
Analysing bin errors for: prop_binele
Poisson cut-off: 0
Processes excluded for sums: TstarTstar_Spin32_M-1200
============================================================
Bin        Contents        Error           Notes                         
0          0.000000        0.000000        total sum                     
0          0.000000        0.000000        excluding marked processes    
  => Error is zero, ignore      
------------------------------------------------------------
1          0.000000        0.000000        total sum                     
1          0.000000        0.000000        excluding marked processes    
  => Error is zero, ignore      
------------------------------------------------------------
2          0.000000        0.000000        total sum                     
2          0.000000        0.000000        excluding marked processes    
  => Error is zero, ignore      
------------------------------------------------------------
3          0.000000        0.000000        total sum                     
3          0.000000        0.000000        excluding marked processes    
  => Error is zero, ignore      
------------------------------------------------------------
4          0.000000        0.000000        total sum                     
4          0.000000        0.000000        excluding marked processes    
  => Error is zero, ignore      
------------------------------------------------------------
5          26983.460458    35.742589       total sum                     
5          26983.440308    35.742588       excluding marked processes    
5          569931.000000   754.937746      Unweighted events, alpha=0.047345
  => Total parameter prop_binele_bin5[0.00,-7.00,7.00] to be gaussian constrained
------------------------------------------------------------
6          27528.440306    36.257118       total sum                     
6          27528.399536    36.257116       excluding marked processes    
6          576468.000000   759.254898      Unweighted events, alpha=0.047754
  => Total parameter prop_binele_bin6[0.00,-7.00,7.00] to be gaussian constrained
------------------------------------------------------------
7          22652.702045    32.819582       total sum                     
7          22652.585327    32.819577       excluding marked processes    
7          476398.000000   690.215908      Unweighted events, alpha=0.047550
  => Total parameter prop_binele_bin7[0.00,-7.00,7.00] to be gaussian constrained
------------------------------------------------------------
8          15781.257011    27.372472       total sum                     
8          15781.053284    27.372462       excluding marked processes    
8          332387.000000   576.530138      Unweighted events, alpha=0.047479
  => Total parameter prop_binele_bin8[0.00,-7.00,7.00] to be gaussian constrained
------------------------------------------------------------
9          10553.719547    22.379397       total sum                     
9          10553.482574    22.379383       excluding marked processes    
9          222380.000000   471.571840      Unweighted events, alpha=0.047458
  => Total parameter prop_binele_bin9[0.00,-7.00,7.00] to be gaussian constrained
------------------------------------------------------------
10         7029.470937     18.292382       total sum                     
10         7029.090729     18.292353       excluding marked processes    
10         147659.000000   384.264232      Unweighted events, alpha=0.047606
  => Total parameter prop_binele_bin10[0.00,-7.00,7.00] to be gaussian constrained
------------------------------------------------------------
11         4727.608390     15.220664       total sum                     
11         4727.186707     15.220631       excluding marked processes    
11         96458.000000    310.576883      Unweighted events, alpha=0.049012
  => Total parameter prop_binele_bin11[0.00,-7.00,7.00] to be gaussian constrained
------------------------------------------------------------
12         3154.437046     12.331114       total sum                     
12         3153.778671     12.331046       excluding marked processes    
12         65413.000000    255.759653      Unweighted events, alpha=0.048223
  => Total parameter prop_binele_bin12[0.00,-7.00,7.00] to be gaussian constrained
------------------------------------------------------------
13         2144.049011     10.175810       total sum                     
13         2143.112511     10.175689       excluding marked processes    
13         44357.000000    210.611016      Unweighted events, alpha=0.048336
  => Total parameter prop_binele_bin13[0.00,-7.00,7.00] to be gaussian constrained
------------------------------------------------------------
14         1462.242179     8.464878        total sum                     
14         1461.020618     8.464656        excluding marked processes    
14         29792.000000    172.603592      Unweighted events, alpha=0.049082
  => Total parameter prop_binele_bin14[0.00,-7.00,7.00] to be gaussian constrained
------------------------------------------------------------
15         994.613008      6.958823        total sum                     
15         993.123791      6.958541        excluding marked processes    
15         20369.000000    142.720006      Unweighted events, alpha=0.048830
  => Total parameter prop_binele_bin15[0.00,-7.00,7.00] to be gaussian constrained
------------------------------------------------------------
16         699.594467      5.895950        total sum                     
16         697.795929      5.895543        excluding marked processes    
16         14009.000000    118.359621      Unweighted events, alpha=0.049939
  => Total parameter prop_binele_bin16[0.00,-7.00,7.00] to be gaussian constrained
------------------------------------------------------------
17         499.250374      4.935532        total sum                     
17         497.023417      4.934908        excluding marked processes    
17         10144.000000    100.717426      Unweighted events, alpha=0.049216
  => Total parameter prop_binele_bin17[0.00,-7.00,7.00] to be gaussian constrained
------------------------------------------------------------
18         343.903557      4.102878        total sum                     
18         341.409071      4.102064        excluding marked processes    
18         6927.000000     83.228601       Unweighted events, alpha=0.049647
  => Total parameter prop_binele_bin18[0.00,-7.00,7.00] to be gaussian constrained
------------------------------------------------------------
19         255.773716      3.558313        total sum                     
19         252.851270      3.557212        excluding marked processes    
19         5053.000000     71.084457       Unweighted events, alpha=0.050618
  => Total parameter prop_binele_bin19[0.00,-7.00,7.00] to be gaussian constrained
------------------------------------------------------------
20         188.783673      3.060501        total sum                     
20         185.564543      3.059108        excluding marked processes    
20         3680.000000     60.663004       Unweighted events, alpha=0.051300
  => Total parameter prop_binele_bin20[0.00,-7.00,7.00] to be gaussian constrained
------------------------------------------------------------
21         138.619151      2.605744        total sum                     
21         135.081120      2.603963        excluding marked processes    
21         2691.000000     51.874849       Unweighted events, alpha=0.051512
  => Total parameter prop_binele_bin21[0.00,-7.00,7.00] to be gaussian constrained
------------------------------------------------------------
22         99.801617       2.244152        total sum                     
22         96.044669       2.241876        excluding marked processes    
22         1835.000000     42.836900       Unweighted events, alpha=0.054388
  => Total parameter prop_binele_bin22[0.00,-7.00,7.00] to be gaussian constrained
------------------------------------------------------------
23         76.700644       1.969233        total sum                     
23         72.925006       1.966461        excluding marked processes    
23         1375.000000     37.080992       Unweighted events, alpha=0.055782
  => Total parameter prop_binele_bin23[0.00,-7.00,7.00] to be gaussian constrained
------------------------------------------------------------
24         57.366075       1.666617        total sum                     
24         53.573303       1.663373        excluding marked processes    
24         1037.000000     32.202484       Unweighted events, alpha=0.055319
  => Total parameter prop_binele_bin24[0.00,-7.00,7.00] to be gaussian constrained
------------------------------------------------------------
25         46.129562       1.510112        total sum                     
25         42.729380       1.507122        excluding marked processes    
25         804.000000      28.354894       Unweighted events, alpha=0.057375
  => Total parameter prop_binele_bin25[0.00,-7.00,7.00] to be gaussian constrained
------------------------------------------------------------
26         33.905010       1.283301        total sum                     
26         30.661880       1.279804        excluding marked processes    
26         574.000000      23.958297       Unweighted events, alpha=0.059068
  => Total parameter prop_binele_bin26[0.00,-7.00,7.00] to be gaussian constrained
------------------------------------------------------------
27         28.382636       1.186632        total sum                     
27         25.338742       1.182951        excluding marked processes    
27         459.000000      21.424285       Unweighted events, alpha=0.061836
  => Total parameter prop_binele_bin27[0.00,-7.00,7.00] to be gaussian constrained
------------------------------------------------------------
28         22.203958       1.050302        total sum                     
28         19.545309       1.046778        excluding marked processes    
28         349.000000      18.681542       Unweighted events, alpha=0.063622
  => Total parameter prop_binele_bin28[0.00,-7.00,7.00] to be gaussian constrained
------------------------------------------------------------
29         18.870822       0.968668        total sum                     
29         16.395952       0.965117        excluding marked processes    
29         289.000000      17.000000       Unweighted events, alpha=0.065297
  => Total parameter prop_binele_bin29[0.00,-7.00,7.00] to be gaussian constrained
------------------------------------------------------------
30         25.411689       1.069181        total sum                     
30         20.584571       1.062977        excluding marked processes    
30         375.000000      19.364917       Unweighted events, alpha=0.067765
  => Total parameter prop_binele_bin30[0.00,-7.00,7.00] to be gaussian constrained
------------------------------------------------------------
31         30.395649       1.161512        total sum                     
31         22.699580       1.152630        excluding marked processes    
31         388.000000      19.697716       Unweighted events, alpha=0.078339
  => Total parameter prop_binele_bin31[0.00,-7.00,7.00] to be gaussian constrained
------------------------------------------------------------
32         8.901130        0.638087        total sum                     
32         5.341079        0.630135        excluding marked processes    
32         72.000000       8.485281        Unweighted events, alpha=0.123627
  => Total parameter prop_binele_bin32[0.00,-7.00,7.00] to be gaussian constrained
------------------------------------------------------------
SimNLL created with 2 channels, 0 generic constraints, 121 fast gaussian constraints, 0 fast poisson constraints, 0 fast group constraints, 

 -- AsymptoticLimits ( CLs ) --
Expected  2.5%: r < 0.3358
Expected 16.0%: r < 0.4560
Expected 50.0%: r < 0.6562
Expected 84.0%: r < 0.9649
Expected 97.5%: r < 1.3796

Done in 0.12 min (cpu), 0.12 min (real)
